<?xml version="1.0" encoding="UTF-8"?>
<!-- Generated by org.testng.reporters.JUnitReportReporter -->
<testsuite hostname="DESKTOP-D068G7Q" failures="0" tests="1" name="testCases.PurchaseAirtime" time="95.165" errors="0" timestamp="2021-11-07T03:01:19 WAT" skipped="0">
  <testcase classname="testCases.PurchaseAirtime" name="buyAirtime" time="95.165"/>
  <system-out>
Skip button is clicked Allow button is clicked Sign in  button is clicked Phone number entered Pin   entered Sign in clicked Not right now is clicked Buy Airtime button  is clicked Phone Number entered Successfully Amount  entered Successfully Mobile network is selected Next button is clicked Visa Card Option is selected Confirm Payment button is clicked Secure Payment button is clicked Pin 1 is entered  Pin 2 is entered  Pin 3 is entered  Pin 4 is entered   </system-out>
</testsuite> <!-- testCases.PurchaseAirtime -->
