<?xml version="1.0" encoding="UTF-8"?>
<!-- Generated by org.testng.reporters.JUnitReportReporter -->
<testsuite hostname="DESKTOP-D068G7Q" failures="0" tests="1" name="testCases.FundWallet" time="77.156" errors="0" timestamp="2021-11-07T03:01:19 WAT" skipped="0">
  <testcase classname="testCases.FundWallet" name="fundWallet" time="77.156"/>
  <system-out>
Skip button is clicked Allow button is clicked Sign in  button is clicked Phone number entered Pin   entered Sign in clicked Not right now is clicked Fund Wallet button is clicked Add Money With Card button is clicked Continue button is clicked 5000 is entered Proceed Button is clicked Visa  Button is clicked Confirm Payment  button is clicked Secure Pay button is clicked Pin 1 is entered  Pin 2 is entered  Pin 3 is entered  Pin 4 is entered   </system-out>
</testsuite> <!-- testCases.FundWallet -->
