<?xml version="1.0" encoding="UTF-8"?>
<!-- Generated by org.testng.reporters.JUnitReportReporter -->
<testsuite hostname="DESKTOP-D068G7Q" failures="0" tests="1" name="testCases.Login" time="58.490" errors="0" timestamp="2021-11-07T03:01:19 WAT" skipped="0">
  <testcase classname="testCases.Login" name="login" time="58.490"/>
  <system-out>
Skip button is clicked Allow button is clicked Sign in  button is clicked Phone number entered Pin   entered Sign in clicked Not right now is clicked  </system-out>
</testsuite> <!-- testCases.Login -->
